<?xml version="1.0" encoding="UTF-8"?>
<coverage generated="1618512297071" clover="3.2.0">
  <project timestamp="1618512297071" name="All files">
    <metrics statements="44" coveredstatements="42" conditionals="30" coveredconditionals="26" methods="5" coveredmethods="5" elements="79" coveredelements="73" complexity="0" loc="44" ncloc="44" packages="1" files="2" classes="2"/>
    <file name="bst-node.js" path="/Users/hughgoodwin/Desktop/csci/tester/src/bst-node.js">
      <metrics statements="3" coveredstatements="3" conditionals="0" coveredconditionals="0" methods="1" coveredmethods="1"/>
      <line num="3" count="122" type="stmt"/>
      <line num="4" count="122" type="stmt"/>
      <line num="5" count="122" type="stmt"/>
    </file>
    <file name="bst.js" path="/Users/hughgoodwin/Desktop/csci/tester/src/bst.js">
      <metrics statements="41" coveredstatements="39" conditionals="30" coveredconditionals="26" methods="4" coveredmethods="4"/>
      <line num="3" count="9" type="stmt"/>
      <line num="7" count="3" type="cond" truecount="1" falsecount="1"/>
      <line num="8" count="0" type="stmt"/>
      <line num="10" count="3" type="stmt"/>
      <line num="11" count="3" type="stmt"/>
      <line num="12" count="9" type="cond" truecount="2" falsecount="0"/>
      <line num="13" count="1" type="stmt"/>
      <line num="14" count="1" type="stmt"/>
      <line num="15" count="8" type="cond" truecount="1" falsecount="1"/>
      <line num="16" count="0" type="stmt"/>
      <line num="17" count="8" type="cond" truecount="1" falsecount="1"/>
      <line num="18" count="8" type="stmt"/>
      <line num="20" count="8" type="cond" truecount="2" falsecount="0"/>
      <line num="21" count="2" type="stmt"/>
      <line num="28" count="5" type="cond" truecount="2" falsecount="0"/>
      <line num="29" count="1" type="stmt"/>
      <line num="31" count="4" type="stmt"/>
      <line num="32" count="4" type="stmt"/>
      <line num="33" count="12" type="cond" truecount="2" falsecount="0"/>
      <line num="34" count="2" type="stmt"/>
      <line num="35" count="10" type="cond" truecount="2" falsecount="0"/>
      <line num="36" count="4" type="stmt"/>
      <line num="37" count="6" type="cond" truecount="1" falsecount="1"/>
      <line num="38" count="6" type="stmt"/>
      <line num="41" count="10" type="cond" truecount="2" falsecount="0"/>
      <line num="42" count="2" type="stmt"/>
      <line num="49" count="121" type="cond" truecount="2" falsecount="0"/>
      <line num="50" count="8" type="stmt"/>
      <line num="52" count="113" type="stmt"/>
      <line num="53" count="113" type="stmt"/>
      <line num="54" count="260" type="cond" truecount="2" falsecount="0"/>
      <line num="55" count="81" type="cond" truecount="2" falsecount="0"/>
      <line num="56" count="7" type="stmt"/>
      <line num="57" count="7" type="stmt"/>
      <line num="59" count="74" type="stmt"/>
      <line num="61" count="179" type="cond" truecount="2" falsecount="0"/>
      <line num="62" count="80" type="cond" truecount="2" falsecount="0"/>
      <line num="63" count="7" type="stmt"/>
      <line num="64" count="7" type="stmt"/>
      <line num="66" count="73" type="stmt"/>
      <line num="69" count="99" type="stmt"/>
    </file>
  </project>
</coverage>
