<?xml version="1.0" encoding="UTF-8"?>
<coverage generated="1618595567091" clover="3.2.0">
  <project timestamp="1618595567092" name="All files">
    <metrics statements="48" coveredstatements="44" conditionals="36" coveredconditionals="29" methods="5" coveredmethods="5" elements="89" coveredelements="78" complexity="0" loc="48" ncloc="48" packages="1" files="2" classes="2"/>
    <file name="bst-node.js" path="/Users/hughgoodwin/Desktop/csci/tester/src/bst-node.js">
      <metrics statements="3" coveredstatements="3" conditionals="0" coveredconditionals="0" methods="1" coveredmethods="1"/>
      <line num="3" count="153" type="stmt"/>
      <line num="4" count="153" type="stmt"/>
      <line num="5" count="153" type="stmt"/>
    </file>
    <file name="bst.js" path="/Users/hughgoodwin/Desktop/csci/tester/src/bst.js">
      <metrics statements="45" coveredstatements="41" conditionals="36" coveredconditionals="29" methods="4" coveredmethods="4"/>
      <line num="3" count="9" type="stmt"/>
      <line num="7" count="4" type="cond" truecount="1" falsecount="1"/>
      <line num="8" count="0" type="stmt"/>
      <line num="10" count="4" type="stmt"/>
      <line num="11" count="4" type="stmt"/>
      <line num="12" count="12" type="cond" truecount="2" falsecount="0"/>
      <line num="14" count="3" type="cond" truecount="2" falsecount="2"/>
      <line num="15" count="3" type="stmt"/>
      <line num="18" count="0" type="cond" truecount="0" falsecount="2"/>
      <line num="19" count="0" type="stmt"/>
      <line num="20" count="0" type="stmt"/>
      <line num="22" count="3" type="stmt"/>
      <line num="23" count="9" type="cond" truecount="2" falsecount="0"/>
      <line num="24" count="3" type="stmt"/>
      <line num="25" count="6" type="cond" truecount="1" falsecount="1"/>
      <line num="26" count="6" type="stmt"/>
      <line num="28" count="9" type="cond" truecount="2" falsecount="0"/>
      <line num="29" count="1" type="stmt"/>
      <line num="36" count="5" type="cond" truecount="2" falsecount="0"/>
      <line num="37" count="1" type="stmt"/>
      <line num="39" count="4" type="stmt"/>
      <line num="40" count="4" type="stmt"/>
      <line num="41" count="13" type="cond" truecount="2" falsecount="0"/>
      <line num="42" count="2" type="stmt"/>
      <line num="43" count="11" type="cond" truecount="2" falsecount="0"/>
      <line num="44" count="4" type="stmt"/>
      <line num="45" count="7" type="cond" truecount="1" falsecount="1"/>
      <line num="46" count="7" type="stmt"/>
      <line num="49" count="11" type="cond" truecount="2" falsecount="0"/>
      <line num="50" count="2" type="stmt"/>
      <line num="57" count="152" type="cond" truecount="2" falsecount="0"/>
      <line num="58" count="8" type="stmt"/>
      <line num="60" count="144" type="stmt"/>
      <line num="61" count="144" type="stmt"/>
      <line num="62" count="363" type="cond" truecount="2" falsecount="0"/>
      <line num="63" count="92" type="cond" truecount="2" falsecount="0"/>
      <line num="64" count="8" type="stmt"/>
      <line num="65" count="8" type="stmt"/>
      <line num="67" count="84" type="stmt"/>
      <line num="69" count="271" type="cond" truecount="2" falsecount="0"/>
      <line num="70" count="144" type="cond" truecount="2" falsecount="0"/>
      <line num="71" count="9" type="stmt"/>
      <line num="72" count="9" type="stmt"/>
      <line num="74" count="135" type="stmt"/>
      <line num="77" count="127" type="stmt"/>
    </file>
  </project>
</coverage>
