{"/Users/hughgoodwin/Desktop/csci/tester/src/bst-node.js": {"path":"/Users/hughgoodwin/Desktop/csci/tester/src/bst-node.js","statementMap":{"0":{"start":{"line":3,"column":4},"end":{"line":3,"column":21}},"1":{"start":{"line":4,"column":4},"end":{"line":4,"column":21}},"2":{"start":{"line":5,"column":4},"end":{"line":5,"column":22}}},"fnMap":{"0":{"name":"(anonymous_0)","decl":{"start":{"line":2,"column":2},"end":{"line":2,"column":3}},"loc":{"start":{"line":2,"column":19},"end":{"line":6,"column":3}},"line":2}},"branchMap":{},"s":{"0":153,"1":153,"2":153},"f":{"0":153},"b":{},"_coverageSchema":"43e27e138ebf9cfc5966b082cf9a028302ed4184","hash":"d6344f6dca2f3cf04fe30ff3f8bd8f7952361991"}
,"/Users/hughgoodwin/Desktop/csci/tester/src/bst.js": {"path":"/Users/hughgoodwin/Desktop/csci/tester/src/bst.js","statementMap":{"0":{"start":{"line":3,"column":4},"end":{"line":3,"column":21}},"1":{"start":{"line":7,"column":4},"end":{"line":31,"column":5}},"2":{"start":{"line":8,"column":6},"end":{"line":8,"column":18}},"3":{"start":{"line":10,"column":24},"end":{"line":10,"column":33}},"4":{"start":{"line":11,"column":6},"end":{"line":30,"column":7}},"5":{"start":{"line":12,"column":8},"end":{"line":26,"column":9}},"6":{"start":{"line":14,"column":10},"end":{"line":20,"column":11}},"7":{"start":{"line":15,"column":12},"end":{"line":15,"column":36}},"8":{"start":{"line":17,"column":15},"end":{"line":20,"column":11}},"9":{"start":{"line":18,"column":12},"end":{"line":18,"column":36}},"10":{"start":{"line":19,"column":12},"end":{"line":19,"column":44}},"11":{"start":{"line":21,"column":10},"end":{"line":21,"column":29}},"12":{"start":{"line":22,"column":15},"end":{"line":26,"column":9}},"13":{"start":{"line":23,"column":10},"end":{"line":23,"column":41}},"14":{"start":{"line":24,"column":15},"end":{"line":26,"column":9}},"15":{"start":{"line":25,"column":10},"end":{"line":25,"column":42}},"16":{"start":{"line":27,"column":8},"end":{"line":29,"column":9}},"17":{"start":{"line":28,"column":10},"end":{"line":28,"column":23}},"18":{"start":{"line":35,"column":4},"end":{"line":52,"column":5}},"19":{"start":{"line":36,"column":6},"end":{"line":36,"column":18}},"20":{"start":{"line":38,"column":24},"end":{"line":38,"column":33}},"21":{"start":{"line":39,"column":6},"end":{"line":51,"column":7}},"22":{"start":{"line":40,"column":8},"end":{"line":46,"column":9}},"23":{"start":{"line":41,"column":10},"end":{"line":41,"column":22}},"24":{"start":{"line":42,"column":15},"end":{"line":46,"column":9}},"25":{"start":{"line":43,"column":10},"end":{"line":43,"column":41}},"26":{"start":{"line":44,"column":15},"end":{"line":46,"column":9}},"27":{"start":{"line":45,"column":10},"end":{"line":45,"column":42}},"28":{"start":{"line":48,"column":8},"end":{"line":50,"column":9}},"29":{"start":{"line":49,"column":10},"end":{"line":49,"column":23}},"30":{"start":{"line":56,"column":4},"end":{"line":79,"column":5}},"31":{"start":{"line":57,"column":6},"end":{"line":57,"column":31}},"32":{"start":{"line":59,"column":24},"end":{"line":59,"column":33}},"33":{"start":{"line":60,"column":6},"end":{"line":78,"column":7}},"34":{"start":{"line":61,"column":8},"end":{"line":77,"column":9}},"35":{"start":{"line":62,"column":10},"end":{"line":67,"column":11}},"36":{"start":{"line":63,"column":12},"end":{"line":63,"column":44}},"37":{"start":{"line":64,"column":12},"end":{"line":64,"column":24}},"38":{"start":{"line":66,"column":12},"end":{"line":66,"column":43}},"39":{"start":{"line":68,"column":15},"end":{"line":77,"column":9}},"40":{"start":{"line":69,"column":10},"end":{"line":74,"column":11}},"41":{"start":{"line":70,"column":12},"end":{"line":70,"column":45}},"42":{"start":{"line":71,"column":12},"end":{"line":71,"column":24}},"43":{"start":{"line":73,"column":12},"end":{"line":73,"column":44}},"44":{"start":{"line":76,"column":10},"end":{"line":76,"column":22}}},"fnMap":{"0":{"name":"(anonymous_0)","decl":{"start":{"line":2,"column":2},"end":{"line":2,"column":3}},"loc":{"start":{"line":2,"column":16},"end":{"line":4,"column":3}},"line":2},"1":{"name":"(anonymous_1)","decl":{"start":{"line":6,"column":2},"end":{"line":6,"column":3}},"loc":{"start":{"line":6,"column":16},"end":{"line":32,"column":3}},"line":6},"2":{"name":"(anonymous_2)","decl":{"start":{"line":34,"column":2},"end":{"line":34,"column":3}},"loc":{"start":{"line":34,"column":16},"end":{"line":53,"column":3}},"line":34},"3":{"name":"(anonymous_3)","decl":{"start":{"line":55,"column":2},"end":{"line":55,"column":3}},"loc":{"start":{"line":55,"column":23},"end":{"line":80,"column":3}},"line":55}},"branchMap":{"0":{"loc":{"start":{"line":7,"column":4},"end":{"line":31,"column":5}},"type":"if","locations":[{"start":{"line":7,"column":4},"end":{"line":31,"column":5}},{"start":{"line":7,"column":4},"end":{"line":31,"column":5}}],"line":7},"1":{"loc":{"start":{"line":12,"column":8},"end":{"line":26,"column":9}},"type":"if","locations":[{"start":{"line":12,"column":8},"end":{"line":26,"column":9}},{"start":{"line":12,"column":8},"end":{"line":26,"column":9}}],"line":12},"2":{"loc":{"start":{"line":14,"column":10},"end":{"line":20,"column":11}},"type":"if","locations":[{"start":{"line":14,"column":10},"end":{"line":20,"column":11}},{"start":{"line":14,"column":10},"end":{"line":20,"column":11}}],"line":14},"3":{"loc":{"start":{"line":14,"column":14},"end":{"line":14,"column":67}},"type":"binary-expr","locations":[{"start":{"line":14,"column":14},"end":{"line":14,"column":39}},{"start":{"line":14,"column":43},"end":{"line":14,"column":67}}],"line":14},"4":{"loc":{"start":{"line":17,"column":15},"end":{"line":20,"column":11}},"type":"if","locations":[{"start":{"line":17,"column":15},"end":{"line":20,"column":11}},{"start":{"line":17,"column":15},"end":{"line":20,"column":11}}],"line":17},"5":{"loc":{"start":{"line":22,"column":15},"end":{"line":26,"column":9}},"type":"if","locations":[{"start":{"line":22,"column":15},"end":{"line":26,"column":9}},{"start":{"line":22,"column":15},"end":{"line":26,"column":9}}],"line":22},"6":{"loc":{"start":{"line":24,"column":15},"end":{"line":26,"column":9}},"type":"if","locations":[{"start":{"line":24,"column":15},"end":{"line":26,"column":9}},{"start":{"line":24,"column":15},"end":{"line":26,"column":9}}],"line":24},"7":{"loc":{"start":{"line":27,"column":8},"end":{"line":29,"column":9}},"type":"if","locations":[{"start":{"line":27,"column":8},"end":{"line":29,"column":9}},{"start":{"line":27,"column":8},"end":{"line":29,"column":9}}],"line":27},"8":{"loc":{"start":{"line":35,"column":4},"end":{"line":52,"column":5}},"type":"if","locations":[{"start":{"line":35,"column":4},"end":{"line":52,"column":5}},{"start":{"line":35,"column":4},"end":{"line":52,"column":5}}],"line":35},"9":{"loc":{"start":{"line":40,"column":8},"end":{"line":46,"column":9}},"type":"if","locations":[{"start":{"line":40,"column":8},"end":{"line":46,"column":9}},{"start":{"line":40,"column":8},"end":{"line":46,"column":9}}],"line":40},"10":{"loc":{"start":{"line":42,"column":15},"end":{"line":46,"column":9}},"type":"if","locations":[{"start":{"line":42,"column":15},"end":{"line":46,"column":9}},{"start":{"line":42,"column":15},"end":{"line":46,"column":9}}],"line":42},"11":{"loc":{"start":{"line":44,"column":15},"end":{"line":46,"column":9}},"type":"if","locations":[{"start":{"line":44,"column":15},"end":{"line":46,"column":9}},{"start":{"line":44,"column":15},"end":{"line":46,"column":9}}],"line":44},"12":{"loc":{"start":{"line":48,"column":8},"end":{"line":50,"column":9}},"type":"if","locations":[{"start":{"line":48,"column":8},"end":{"line":50,"column":9}},{"start":{"line":48,"column":8},"end":{"line":50,"column":9}}],"line":48},"13":{"loc":{"start":{"line":56,"column":4},"end":{"line":79,"column":5}},"type":"if","locations":[{"start":{"line":56,"column":4},"end":{"line":79,"column":5}},{"start":{"line":56,"column":4},"end":{"line":79,"column":5}}],"line":56},"14":{"loc":{"start":{"line":61,"column":8},"end":{"line":77,"column":9}},"type":"if","locations":[{"start":{"line":61,"column":8},"end":{"line":77,"column":9}},{"start":{"line":61,"column":8},"end":{"line":77,"column":9}}],"line":61},"15":{"loc":{"start":{"line":62,"column":10},"end":{"line":67,"column":11}},"type":"if","locations":[{"start":{"line":62,"column":10},"end":{"line":67,"column":11}},{"start":{"line":62,"column":10},"end":{"line":67,"column":11}}],"line":62},"16":{"loc":{"start":{"line":68,"column":15},"end":{"line":77,"column":9}},"type":"if","locations":[{"start":{"line":68,"column":15},"end":{"line":77,"column":9}},{"start":{"line":68,"column":15},"end":{"line":77,"column":9}}],"line":68},"17":{"loc":{"start":{"line":69,"column":10},"end":{"line":74,"column":11}},"type":"if","locations":[{"start":{"line":69,"column":10},"end":{"line":74,"column":11}},{"start":{"line":69,"column":10},"end":{"line":74,"column":11}}],"line":69}},"s":{"0":9,"1":4,"2":0,"3":4,"4":4,"5":12,"6":3,"7":2,"8":1,"9":0,"10":0,"11":3,"12":9,"13":3,"14":6,"15":6,"16":9,"17":1,"18":5,"19":1,"20":4,"21":4,"22":13,"23":2,"24":11,"25":4,"26":7,"27":7,"28":11,"29":2,"30":152,"31":8,"32":144,"33":144,"34":363,"35":92,"36":8,"37":8,"38":84,"39":271,"40":144,"41":9,"42":9,"43":135,"44":127},"f":{"0":9,"1":4,"2":5,"3":152},"b":{"0":[0,4],"1":[3,9],"2":[2,1],"3":[3,2],"4":[0,1],"5":[3,6],"6":[6,0],"7":[1,8],"8":[1,4],"9":[2,11],"10":[4,7],"11":[7,0],"12":[2,9],"13":[8,144],"14":[92,271],"15":[8,84],"16":[144,127],"17":[9,135]},"_coverageSchema":"43e27e138ebf9cfc5966b082cf9a028302ed4184","hash":"789aa39b4a0d792fd75fc51e7681982d659728f8"}
}
