{"/Users/hughgoodwin/Desktop/csci/tester/src/bst-node.js": {"path":"/Users/hughgoodwin/Desktop/csci/tester/src/bst-node.js","statementMap":{"0":{"start":{"line":3,"column":4},"end":{"line":3,"column":21}},"1":{"start":{"line":4,"column":4},"end":{"line":4,"column":21}},"2":{"start":{"line":5,"column":4},"end":{"line":5,"column":22}}},"fnMap":{"0":{"name":"(anonymous_0)","decl":{"start":{"line":2,"column":2},"end":{"line":2,"column":3}},"loc":{"start":{"line":2,"column":19},"end":{"line":6,"column":3}},"line":2}},"branchMap":{},"s":{"0":153,"1":153,"2":153},"f":{"0":153},"b":{},"_coverageSchema":"43e27e138ebf9cfc5966b082cf9a028302ed4184","hash":"d6344f6dca2f3cf04fe30ff3f8bd8f7952361991"}
,"/Users/hughgoodwin/Desktop/csci/tester/src/bst.js": {"path":"/Users/hughgoodwin/Desktop/csci/tester/src/bst.js","statementMap":{"0":{"start":{"line":3,"column":4},"end":{"line":3,"column":21}},"1":{"start":{"line":7,"column":4},"end":{"line":25,"column":5}},"2":{"start":{"line":8,"column":6},"end":{"line":8,"column":18}},"3":{"start":{"line":10,"column":24},"end":{"line":10,"column":33}},"4":{"start":{"line":11,"column":6},"end":{"line":24,"column":7}},"5":{"start":{"line":12,"column":8},"end":{"line":20,"column":9}},"6":{"start":{"line":14,"column":10},"end":{"line":14,"column":34}},"7":{"start":{"line":15,"column":10},"end":{"line":15,"column":29}},"8":{"start":{"line":16,"column":15},"end":{"line":20,"column":9}},"9":{"start":{"line":17,"column":10},"end":{"line":17,"column":41}},"10":{"start":{"line":18,"column":15},"end":{"line":20,"column":9}},"11":{"start":{"line":19,"column":10},"end":{"line":19,"column":42}},"12":{"start":{"line":21,"column":8},"end":{"line":23,"column":9}},"13":{"start":{"line":22,"column":10},"end":{"line":22,"column":23}},"14":{"start":{"line":28,"column":4},"end":{"line":47,"column":5}},"15":{"start":{"line":29,"column":6},"end":{"line":29,"column":18}},"16":{"start":{"line":31,"column":24},"end":{"line":31,"column":33}},"17":{"start":{"line":32,"column":6},"end":{"line":46,"column":7}},"18":{"start":{"line":33,"column":8},"end":{"line":42,"column":9}},"19":{"start":{"line":35,"column":10},"end":{"line":35,"column":52}},"20":{"start":{"line":36,"column":10},"end":{"line":36,"column":40}},"21":{"start":{"line":37,"column":10},"end":{"line":37,"column":22}},"22":{"start":{"line":38,"column":15},"end":{"line":42,"column":9}},"23":{"start":{"line":39,"column":10},"end":{"line":39,"column":41}},"24":{"start":{"line":40,"column":15},"end":{"line":42,"column":9}},"25":{"start":{"line":41,"column":10},"end":{"line":41,"column":42}},"26":{"start":{"line":43,"column":8},"end":{"line":45,"column":9}},"27":{"start":{"line":44,"column":10},"end":{"line":44,"column":23}},"28":{"start":{"line":51,"column":4},"end":{"line":68,"column":5}},"29":{"start":{"line":52,"column":6},"end":{"line":52,"column":18}},"30":{"start":{"line":54,"column":24},"end":{"line":54,"column":33}},"31":{"start":{"line":55,"column":6},"end":{"line":67,"column":7}},"32":{"start":{"line":56,"column":8},"end":{"line":62,"column":9}},"33":{"start":{"line":57,"column":10},"end":{"line":57,"column":22}},"34":{"start":{"line":58,"column":15},"end":{"line":62,"column":9}},"35":{"start":{"line":59,"column":10},"end":{"line":59,"column":41}},"36":{"start":{"line":60,"column":15},"end":{"line":62,"column":9}},"37":{"start":{"line":61,"column":10},"end":{"line":61,"column":42}},"38":{"start":{"line":64,"column":8},"end":{"line":66,"column":9}},"39":{"start":{"line":65,"column":10},"end":{"line":65,"column":23}},"40":{"start":{"line":72,"column":4},"end":{"line":95,"column":5}},"41":{"start":{"line":73,"column":6},"end":{"line":73,"column":31}},"42":{"start":{"line":75,"column":24},"end":{"line":75,"column":33}},"43":{"start":{"line":76,"column":6},"end":{"line":94,"column":7}},"44":{"start":{"line":77,"column":8},"end":{"line":93,"column":9}},"45":{"start":{"line":78,"column":10},"end":{"line":83,"column":11}},"46":{"start":{"line":79,"column":12},"end":{"line":79,"column":44}},"47":{"start":{"line":80,"column":12},"end":{"line":80,"column":24}},"48":{"start":{"line":82,"column":12},"end":{"line":82,"column":43}},"49":{"start":{"line":84,"column":15},"end":{"line":93,"column":9}},"50":{"start":{"line":85,"column":10},"end":{"line":90,"column":11}},"51":{"start":{"line":86,"column":12},"end":{"line":86,"column":45}},"52":{"start":{"line":87,"column":12},"end":{"line":87,"column":24}},"53":{"start":{"line":89,"column":12},"end":{"line":89,"column":44}},"54":{"start":{"line":92,"column":10},"end":{"line":92,"column":22}}},"fnMap":{"0":{"name":"(anonymous_0)","decl":{"start":{"line":2,"column":2},"end":{"line":2,"column":3}},"loc":{"start":{"line":2,"column":16},"end":{"line":4,"column":3}},"line":2},"1":{"name":"(anonymous_1)","decl":{"start":{"line":6,"column":2},"end":{"line":6,"column":3}},"loc":{"start":{"line":6,"column":16},"end":{"line":26,"column":3}},"line":6},"2":{"name":"(anonymous_2)","decl":{"start":{"line":27,"column":2},"end":{"line":27,"column":3}},"loc":{"start":{"line":27,"column":19},"end":{"line":48,"column":3}},"line":27},"3":{"name":"(anonymous_3)","decl":{"start":{"line":50,"column":2},"end":{"line":50,"column":3}},"loc":{"start":{"line":50,"column":16},"end":{"line":69,"column":3}},"line":50},"4":{"name":"(anonymous_4)","decl":{"start":{"line":71,"column":2},"end":{"line":71,"column":3}},"loc":{"start":{"line":71,"column":23},"end":{"line":96,"column":3}},"line":71}},"branchMap":{"0":{"loc":{"start":{"line":7,"column":4},"end":{"line":25,"column":5}},"type":"if","locations":[{"start":{"line":7,"column":4},"end":{"line":25,"column":5}},{"start":{"line":7,"column":4},"end":{"line":25,"column":5}}],"line":7},"1":{"loc":{"start":{"line":12,"column":8},"end":{"line":20,"column":9}},"type":"if","locations":[{"start":{"line":12,"column":8},"end":{"line":20,"column":9}},{"start":{"line":12,"column":8},"end":{"line":20,"column":9}}],"line":12},"2":{"loc":{"start":{"line":16,"column":15},"end":{"line":20,"column":9}},"type":"if","locations":[{"start":{"line":16,"column":15},"end":{"line":20,"column":9}},{"start":{"line":16,"column":15},"end":{"line":20,"column":9}}],"line":16},"3":{"loc":{"start":{"line":18,"column":15},"end":{"line":20,"column":9}},"type":"if","locations":[{"start":{"line":18,"column":15},"end":{"line":20,"column":9}},{"start":{"line":18,"column":15},"end":{"line":20,"column":9}}],"line":18},"4":{"loc":{"start":{"line":21,"column":8},"end":{"line":23,"column":9}},"type":"if","locations":[{"start":{"line":21,"column":8},"end":{"line":23,"column":9}},{"start":{"line":21,"column":8},"end":{"line":23,"column":9}}],"line":21},"5":{"loc":{"start":{"line":28,"column":4},"end":{"line":47,"column":5}},"type":"if","locations":[{"start":{"line":28,"column":4},"end":{"line":47,"column":5}},{"start":{"line":28,"column":4},"end":{"line":47,"column":5}}],"line":28},"6":{"loc":{"start":{"line":33,"column":8},"end":{"line":42,"column":9}},"type":"if","locations":[{"start":{"line":33,"column":8},"end":{"line":42,"column":9}},{"start":{"line":33,"column":8},"end":{"line":42,"column":9}}],"line":33},"7":{"loc":{"start":{"line":38,"column":15},"end":{"line":42,"column":9}},"type":"if","locations":[{"start":{"line":38,"column":15},"end":{"line":42,"column":9}},{"start":{"line":38,"column":15},"end":{"line":42,"column":9}}],"line":38},"8":{"loc":{"start":{"line":40,"column":15},"end":{"line":42,"column":9}},"type":"if","locations":[{"start":{"line":40,"column":15},"end":{"line":42,"column":9}},{"start":{"line":40,"column":15},"end":{"line":42,"column":9}}],"line":40},"9":{"loc":{"start":{"line":43,"column":8},"end":{"line":45,"column":9}},"type":"if","locations":[{"start":{"line":43,"column":8},"end":{"line":45,"column":9}},{"start":{"line":43,"column":8},"end":{"line":45,"column":9}}],"line":43},"10":{"loc":{"start":{"line":51,"column":4},"end":{"line":68,"column":5}},"type":"if","locations":[{"start":{"line":51,"column":4},"end":{"line":68,"column":5}},{"start":{"line":51,"column":4},"end":{"line":68,"column":5}}],"line":51},"11":{"loc":{"start":{"line":56,"column":8},"end":{"line":62,"column":9}},"type":"if","locations":[{"start":{"line":56,"column":8},"end":{"line":62,"column":9}},{"start":{"line":56,"column":8},"end":{"line":62,"column":9}}],"line":56},"12":{"loc":{"start":{"line":58,"column":15},"end":{"line":62,"column":9}},"type":"if","locations":[{"start":{"line":58,"column":15},"end":{"line":62,"column":9}},{"start":{"line":58,"column":15},"end":{"line":62,"column":9}}],"line":58},"13":{"loc":{"start":{"line":60,"column":15},"end":{"line":62,"column":9}},"type":"if","locations":[{"start":{"line":60,"column":15},"end":{"line":62,"column":9}},{"start":{"line":60,"column":15},"end":{"line":62,"column":9}}],"line":60},"14":{"loc":{"start":{"line":64,"column":8},"end":{"line":66,"column":9}},"type":"if","locations":[{"start":{"line":64,"column":8},"end":{"line":66,"column":9}},{"start":{"line":64,"column":8},"end":{"line":66,"column":9}}],"line":64},"15":{"loc":{"start":{"line":72,"column":4},"end":{"line":95,"column":5}},"type":"if","locations":[{"start":{"line":72,"column":4},"end":{"line":95,"column":5}},{"start":{"line":72,"column":4},"end":{"line":95,"column":5}}],"line":72},"16":{"loc":{"start":{"line":77,"column":8},"end":{"line":93,"column":9}},"type":"if","locations":[{"start":{"line":77,"column":8},"end":{"line":93,"column":9}},{"start":{"line":77,"column":8},"end":{"line":93,"column":9}}],"line":77},"17":{"loc":{"start":{"line":78,"column":10},"end":{"line":83,"column":11}},"type":"if","locations":[{"start":{"line":78,"column":10},"end":{"line":83,"column":11}},{"start":{"line":78,"column":10},"end":{"line":83,"column":11}}],"line":78},"18":{"loc":{"start":{"line":84,"column":15},"end":{"line":93,"column":9}},"type":"if","locations":[{"start":{"line":84,"column":15},"end":{"line":93,"column":9}},{"start":{"line":84,"column":15},"end":{"line":93,"column":9}}],"line":84},"19":{"loc":{"start":{"line":85,"column":10},"end":{"line":90,"column":11}},"type":"if","locations":[{"start":{"line":85,"column":10},"end":{"line":90,"column":11}},{"start":{"line":85,"column":10},"end":{"line":90,"column":11}}],"line":85}},"s":{"0":9,"1":3,"2":0,"3":3,"4":3,"5":9,"6":2,"7":2,"8":7,"9":3,"10":4,"11":4,"12":7,"13":1,"14":1,"15":0,"16":1,"17":1,"18":3,"19":1,"20":1,"21":1,"22":2,"23":0,"24":2,"25":2,"26":2,"27":0,"28":5,"29":1,"30":4,"31":4,"32":13,"33":2,"34":11,"35":4,"36":7,"37":7,"38":11,"39":2,"40":152,"41":8,"42":144,"43":144,"44":361,"45":92,"46":8,"47":8,"48":84,"49":269,"50":142,"51":9,"52":9,"53":133,"54":127},"f":{"0":9,"1":3,"2":1,"3":5,"4":152},"b":{"0":[0,3],"1":[2,7],"2":[3,4],"3":[4,0],"4":[1,6],"5":[0,1],"6":[1,2],"7":[0,2],"8":[2,0],"9":[0,2],"10":[1,4],"11":[2,11],"12":[4,7],"13":[7,0],"14":[2,9],"15":[8,144],"16":[92,269],"17":[8,84],"18":[142,127],"19":[9,133]},"_coverageSchema":"43e27e138ebf9cfc5966b082cf9a028302ed4184","hash":"a5d740aa736cfb2b0065c65e7e116343a8d8ef40"}
}
