TN:
SF:/Users/hughgoodwin/Desktop/csci/tester/src/bst-node.js
FN:2,(anonymous_0)
FNF:1
FNH:1
FNDA:153,(anonymous_0)
DA:3,153
DA:4,153
DA:5,153
LF:3
LH:3
BRF:0
BRH:0
end_of_record
TN:
SF:/Users/hughgoodwin/Desktop/csci/tester/src/bst.js
FN:2,(anonymous_0)
FN:6,(anonymous_1)
FN:27,(anonymous_2)
FN:50,(anonymous_3)
FN:71,(anonymous_4)
FNF:5
FNH:5
FNDA:9,(anonymous_0)
FNDA:3,(anonymous_1)
FNDA:1,(anonymous_2)
FNDA:5,(anonymous_3)
FNDA:152,(anonymous_4)
DA:3,9
DA:7,3
DA:8,0
DA:10,3
DA:11,3
DA:12,9
DA:14,2
DA:15,2
DA:16,7
DA:17,3
DA:18,4
DA:19,4
DA:21,7
DA:22,1
DA:28,1
DA:29,0
DA:31,1
DA:32,1
DA:33,3
DA:35,1
DA:36,1
DA:37,1
DA:38,2
DA:39,0
DA:40,2
DA:41,2
DA:43,2
DA:44,0
DA:51,5
DA:52,1
DA:54,4
DA:55,4
DA:56,13
DA:57,2
DA:58,11
DA:59,4
DA:60,7
DA:61,7
DA:64,11
DA:65,2
DA:72,152
DA:73,8
DA:75,144
DA:76,144
DA:77,361
DA:78,92
DA:79,8
DA:80,8
DA:82,84
DA:84,269
DA:85,142
DA:86,9
DA:87,9
DA:89,133
DA:92,127
LF:55
LH:51
BRDA:7,0,0,0
BRDA:7,0,1,3
BRDA:12,1,0,2
BRDA:12,1,1,7
BRDA:16,2,0,3
BRDA:16,2,1,4
BRDA:18,3,0,4
BRDA:18,3,1,0
BRDA:21,4,0,1
BRDA:21,4,1,6
BRDA:28,5,0,0
BRDA:28,5,1,1
BRDA:33,6,0,1
BRDA:33,6,1,2
BRDA:38,7,0,0
BRDA:38,7,1,2
BRDA:40,8,0,2
BRDA:40,8,1,0
BRDA:43,9,0,0
BRDA:43,9,1,2
BRDA:51,10,0,1
BRDA:51,10,1,4
BRDA:56,11,0,2
BRDA:56,11,1,11
BRDA:58,12,0,4
BRDA:58,12,1,7
BRDA:60,13,0,7
BRDA:60,13,1,0
BRDA:64,14,0,2
BRDA:64,14,1,9
BRDA:72,15,0,8
BRDA:72,15,1,144
BRDA:77,16,0,92
BRDA:77,16,1,269
BRDA:78,17,0,8
BRDA:78,17,1,84
BRDA:84,18,0,142
BRDA:84,18,1,127
BRDA:85,19,0,9
BRDA:85,19,1,133
BRF:40
BRH:33
end_of_record
