TN:
SF:/Users/hughgoodwin/Desktop/csci/tester/src/bst-node.js
FN:2,(anonymous_0)
FNF:1
FNH:1
FNDA:153,(anonymous_0)
DA:3,153
DA:4,153
DA:5,153
LF:3
LH:3
BRF:0
BRH:0
end_of_record
TN:
SF:/Users/hughgoodwin/Desktop/csci/tester/src/bst.js
FN:2,(anonymous_0)
FN:6,(anonymous_1)
FN:35,(anonymous_2)
FN:56,(anonymous_3)
FNF:4
FNH:4
FNDA:9,(anonymous_0)
FNDA:4,(anonymous_1)
FNDA:5,(anonymous_2)
FNDA:152,(anonymous_3)
DA:3,9
DA:7,4
DA:8,0
DA:10,4
DA:11,4
DA:12,12
DA:14,3
DA:15,3
DA:18,0
DA:19,0
DA:20,0
DA:22,3
DA:23,9
DA:24,3
DA:25,6
DA:26,6
DA:28,9
DA:29,1
DA:36,5
DA:37,1
DA:39,4
DA:40,4
DA:41,13
DA:42,2
DA:43,11
DA:44,4
DA:45,7
DA:46,7
DA:49,11
DA:50,2
DA:57,152
DA:58,8
DA:60,144
DA:61,144
DA:62,363
DA:63,92
DA:64,8
DA:65,8
DA:67,84
DA:69,271
DA:70,144
DA:71,9
DA:72,9
DA:74,135
DA:77,127
LF:45
LH:41
BRDA:7,0,0,0
BRDA:7,0,1,4
BRDA:12,1,0,3
BRDA:12,1,1,9
BRDA:14,2,0,3
BRDA:14,2,1,0
BRDA:14,3,0,3
BRDA:14,3,1,0
BRDA:18,4,0,0
BRDA:18,4,1,0
BRDA:23,5,0,3
BRDA:23,5,1,6
BRDA:25,6,0,6
BRDA:25,6,1,0
BRDA:28,7,0,1
BRDA:28,7,1,8
BRDA:36,8,0,1
BRDA:36,8,1,4
BRDA:41,9,0,2
BRDA:41,9,1,11
BRDA:43,10,0,4
BRDA:43,10,1,7
BRDA:45,11,0,7
BRDA:45,11,1,0
BRDA:49,12,0,2
BRDA:49,12,1,9
BRDA:57,13,0,8
BRDA:57,13,1,144
BRDA:62,14,0,92
BRDA:62,14,1,271
BRDA:63,15,0,8
BRDA:63,15,1,84
BRDA:69,16,0,144
BRDA:69,16,1,127
BRDA:70,17,0,9
BRDA:70,17,1,135
BRF:36
BRH:29
end_of_record
